<?xml version="1.0" encoding="UTF-8"?>
<!-- Generated by org.testng.reporters.JUnitXMLReporter -->
<testsuite ignored="0" hostname="Mushraf" failures="0" tests="4" name="Surefire test" time="0.211" errors="0" timestamp="2025-03-12T18:31:04 IST">
  <testcase classname="com.jen.Testing1" name="tc1" time="0.015"/>
  <testcase classname="com.jen.Testing1" name="tc2" time="0.014"/>
  <testcase classname="com.jen.Testing2" name="tc3" time="0.004"/>
  <testcase classname="com.jen.Testing2" name="tc4" time="0.003"/>
</testsuite> <!-- Surefire test -->
