<?xml version="1.0" encoding="UTF-8"?>
<!-- Generated by org.testng.reporters.JUnitXMLReporter -->
<testsuite ignored="0" hostname="Mushraf" failures="0" tests="4" name="Test" time="0.337" errors="0" timestamp="2025-03-12T18:29:12 IST">
  <testcase classname="com.jen.Testing1" name="tc1" time="0.055"/>
  <testcase classname="com.jen.Testing1" name="tc2" time="0.009"/>
  <testcase classname="com.jen.Testing2" name="tc3" time="0.007"/>
  <testcase classname="com.jen.Testing2" name="tc4" time="0.016"/>
</testsuite> <!-- Test -->
