<?xml version="1.0" encoding="UTF-8"?>
<testng-results ignored="0" total="4" passed="4" failed="0" skipped="0">
  <reporter-output>
  </reporter-output>
  <suite started-at="2025-03-12T18:31:04 IST" name="Surefire suite" finished-at="2025-03-12T18:31:04 IST" duration-ms="211">
    <groups>
    </groups>
    <test started-at="2025-03-12T18:31:04 IST" name="Surefire test" finished-at="2025-03-12T18:31:04 IST" duration-ms="211">
      <class name="com.jen.Testing2">
        <test-method signature="tc3()[pri:0, instance:com.jen.Testing2@78e94dcf]" started-at="2025-03-12T18:31:04 IST" name="tc3" finished-at="2025-03-12T18:31:04 IST" duration-ms="4" status="PASS">
          <reporter-output>
          </reporter-output>
        </test-method> <!-- tc3 -->
        <test-method signature="tc4()[pri:0, instance:com.jen.Testing2@78e94dcf]" started-at="2025-03-12T18:31:04 IST" name="tc4" finished-at="2025-03-12T18:31:04 IST" duration-ms="3" status="PASS">
          <reporter-output>
          </reporter-output>
        </test-method> <!-- tc4 -->
      </class> <!-- com.jen.Testing2 -->
      <class name="com.jen.Testing1">
        <test-method signature="tc1()[pri:0, instance:com.jen.Testing1@184cf7cf]" started-at="2025-03-12T18:31:04 IST" name="tc1" finished-at="2025-03-12T18:31:04 IST" duration-ms="15" status="PASS">
          <reporter-output>
          </reporter-output>
        </test-method> <!-- tc1 -->
        <test-method signature="tc2()[pri:0, instance:com.jen.Testing1@184cf7cf]" started-at="2025-03-12T18:31:04 IST" name="tc2" finished-at="2025-03-12T18:31:04 IST" duration-ms="14" status="PASS">
          <reporter-output>
          </reporter-output>
        </test-method> <!-- tc2 -->
      </class> <!-- com.jen.Testing1 -->
    </test> <!-- Surefire test -->
  </suite> <!-- Surefire suite -->
</testng-results>
