<?xml version="1.0" encoding="UTF-8"?>
<testng-results ignored="0" total="4" passed="4" failed="0" skipped="0">
  <reporter-output>
  </reporter-output>
  <suite started-at="2025-03-12T18:29:12 IST" name="Suite" finished-at="2025-03-12T18:29:12 IST" duration-ms="337">
    <groups>
    </groups>
    <test started-at="2025-03-12T18:29:12 IST" name="Test" finished-at="2025-03-12T18:29:12 IST" duration-ms="337">
      <class name="com.jen.Testing2">
        <test-method signature="tc3()[pri:0, instance:com.jen.Testing2@548d708a]" started-at="2025-03-12T18:29:12 IST" name="tc3" finished-at="2025-03-12T18:29:12 IST" duration-ms="7" status="PASS">
          <reporter-output>
          </reporter-output>
        </test-method> <!-- tc3 -->
        <test-method signature="tc4()[pri:0, instance:com.jen.Testing2@548d708a]" started-at="2025-03-12T18:29:12 IST" name="tc4" finished-at="2025-03-12T18:29:12 IST" duration-ms="16" status="PASS">
          <reporter-output>
          </reporter-output>
        </test-method> <!-- tc4 -->
      </class> <!-- com.jen.Testing2 -->
      <class name="com.jen.Testing1">
        <test-method signature="tc1()[pri:0, instance:com.jen.Testing1@563f38c4]" started-at="2025-03-12T18:29:12 IST" name="tc1" finished-at="2025-03-12T18:29:12 IST" duration-ms="55" status="PASS">
          <reporter-output>
          </reporter-output>
        </test-method> <!-- tc1 -->
        <test-method signature="tc2()[pri:0, instance:com.jen.Testing1@563f38c4]" started-at="2025-03-12T18:29:12 IST" name="tc2" finished-at="2025-03-12T18:29:12 IST" duration-ms="9" status="PASS">
          <reporter-output>
          </reporter-output>
        </test-method> <!-- tc2 -->
      </class> <!-- com.jen.Testing1 -->
    </test> <!-- Test -->
  </suite> <!-- Suite -->
</testng-results>
